0 info it worked if it ends with ok
1 verbose cli [ '/usr/local/bin/node',
1 verbose cli   '/usr/local/bin/npm',
1 verbose cli   'run-script',
1 verbose cli   'jshint' ]
2 info using npm@1.2.14
3 info using node@v0.10.0
4 verbose read json /home/qawe/Desktop/node-blogger/lib/package.json
5 error Error: ENOENT, open '/home/qawe/Desktop/node-blogger/lib/package.json'
6 error If you need help, you may report this log at:
6 error     <http://github.com/isaacs/npm/issues>
6 error or email it to:
6 error     <npm-@googlegroups.com>
7 error System Linux 3.2.0-45-generic
8 error command "/usr/local/bin/node" "/usr/local/bin/npm" "run-script" "jshint"
9 error cwd /home/qawe/Desktop/node-blogger/lib
10 error node -v v0.10.0
11 error npm -v 1.2.14
12 error path /home/qawe/Desktop/node-blogger/lib/package.json
13 error code ENOENT
14 error errno 34
15 verbose exit [ 34, true ]
